{INFO}  com.aspiration.pages.HomePage   Spend and Save link clicked       14-Sep-2021 Tuesday PDT 18:34:24
{INFO}  com.aspiration.pages.HomePage   Spend and Save link clicked       14-Sep-2021 Tuesday PDT 18:39:55
{INFO}  com.aspiration.pages.HomePage   Spend and Save link clicked       14-Sep-2021 Tuesday PDT 18:59:53
{INFO}  com.aspiration.pages.HomePage   Spend and Save link clicked       14-Sep-2021 Tuesday PDT 19:10:08
{INFO}  com.aspiration.pages.HomePage   cookie accepted       14-Sep-2021 Tuesday PDT 19:26:44
{INFO}  com.aspiration.pages.HomePage   Spend and Save link clicked       14-Sep-2021 Tuesday PDT 19:26:53
{INFO}  com.aspiration.pages.HomePage   cookie accepted       14-Sep-2021 Tuesday PDT 19:29:03
{INFO}  com.aspiration.pages.HomePage   Spend and Save link clicked       14-Sep-2021 Tuesday PDT 19:29:12
{INFO}  com.aspiration.pages.HomePage   Text == GET ASPIRATION       14-Sep-2021 Tuesday PDT 19:29:12
{INFO}  com.aspiration.pages.HomePage   cookie accepted       14-Sep-2021 Tuesday PDT 19:35:19
{INFO}  com.aspiration.pages.HomePage   Spend and Save link clicked       14-Sep-2021 Tuesday PDT 19:35:26
{INFO}  com.aspiration.pages.HomePage   Text == Aspiration
Pay What Is Fair(even if it's $0)
GET ASPIRATION
Deposits won't fund fossil fuel exploration or production
55,000 free in-network ATMs
3-5% cash back on Conscience Coalition purchases
Personal impact score to help you shop to match your values
Option to plant a tree with every roundup
Get paid up to 2 days early       14-Sep-2021 Tuesday PDT 19:35:26
{INFO}  com.aspiration.pages.HomePage   cookie accepted       14-Sep-2021 Tuesday PDT 19:41:39
{INFO}  com.aspiration.pages.HomePage   Spend and Save link clicked       14-Sep-2021 Tuesday PDT 19:41:47
{INFO}  com.aspiration.pages.HomePage   Text == Aspiration       14-Sep-2021 Tuesday PDT 19:41:47
{INFO}  com.aspiration.pages.HomePage   cookie accepted       14-Sep-2021 Tuesday PDT 19:45:38
{INFO}  com.aspiration.pages.HomePage   Spend and Save link clicked       14-Sep-2021 Tuesday PDT 19:45:46
{INFO}  com.aspiration.pages.HomePage   cookie accepted       14-Sep-2021 Tuesday PDT 19:46:47
{INFO}  com.aspiration.pages.HomePage   Spend and Save link clicked       14-Sep-2021 Tuesday PDT 19:46:55
{INFO}  com.aspiration.pages.HomePage   Text == Aspiration       14-Sep-2021 Tuesday PDT 19:46:55
{INFO}  com.aspiration.pages.HomePage   cookie accepted       14-Sep-2021 Tuesday PDT 19:53:05
{INFO}  com.aspiration.pages.HomePage   Spend and Save link clicked       14-Sep-2021 Tuesday PDT 19:53:13
{INFO}  com.aspiration.pages.HomePage   Text == Aspiration       14-Sep-2021 Tuesday PDT 19:53:13
{INFO}  com.aspiration.pages.HomePage   Text new == Aspiration       14-Sep-2021 Tuesday PDT 19:53:13
{INFO}  com.aspiration.pages.HomePage   cookie accepted       14-Sep-2021 Tuesday PDT 20:57:40
{INFO}  com.aspiration.pages.HomePage   Spend and Save link clicked       14-Sep-2021 Tuesday PDT 20:57:48
{INFO}  com.aspiration.pages.HomePage   Text == Aspiration       14-Sep-2021 Tuesday PDT 20:57:48
{INFO}  com.aspiration.pages.HomePage   Text new == Aspiration       14-Sep-2021 Tuesday PDT 20:57:48
{INFO}  com.aspiration.pages.HomePage   cookie accepted                     14-Sep-2021 Tuesday PDT 21:19:38
{INFO}  com.aspiration.pages.HomePage   Spend and Save link clicked                     14-Sep-2021 Tuesday PDT 21:19:46
{INFO}  com.aspiration.pages.HomePage   Text == Aspiration                     14-Sep-2021 Tuesday PDT 21:19:46
{INFO}  com.aspiration.pages.HomePage   Text new == Aspiration                     14-Sep-2021 Tuesday PDT 21:19:47
{INFO}  com.aspiration.pages.HomePage   cookie accepted                     14-Sep-2021 Tuesday PDT 21:24:54
{INFO}  com.aspiration.pages.HomePage   Spend and Save link clicked                     14-Sep-2021 Tuesday PDT 21:25:01
{INFO}  com.aspiration.pages.OurProducts   Text new == Aspiration                     14-Sep-2021 Tuesday PDT 21:25:02
{INFO}  com.aspiration.pages.OurProducts   Text == Aspiration                     14-Sep-2021 Tuesday PDT 21:25:02
{INFO}  com.aspiration.pages.OurProducts   Aspiration plus clicked                     14-Sep-2021 Tuesday PDT 21:25:02
{INFO}  com.aspiration.pages.HomePage   cookie accepted                     14-Sep-2021 Tuesday PDT 22:01:24
{INFO}  com.aspiration.pages.HomePage   Spend and Save link clicked                     14-Sep-2021 Tuesday PDT 22:01:32
{INFO}  com.aspiration.pages.OurProducts   Text one == Aspiration
Pay What Is Fair(even if it's $0)
GET ASPIRATION
Deposits won't fund fossil fuel exploration or production
55,000 free in-network ATMs
3-5% cash back on Conscience Coalition purchases
Personal impact score to help you shop to match your values
Option to plant a tree with every roundup
Get paid up to 2 days early                     14-Sep-2021 Tuesday PDT 22:01:32
{INFO}  com.aspiration.pages.OurProducts   Text two == Aspiration Plus
$5.99/mo.(billed annually)
GET ASPIRATION PLUS
Deposits won't fund fossil fuel exploration or production
55,000 free in-network ATMs
10% cash back on Conscience Coalition purchases
Personal impact score to help you shop to match your values
Option to plant a tree with every roundup
Up to 1.00% APY on your savings
One out-of-network ATM reimbursement monthly
Carbon offsets for all your gas purchases with Planet Protection
Get paid up to 2 days early                     14-Sep-2021 Tuesday PDT 22:01:32
{INFO}  com.aspiration.pages.OurProducts   Text == Aspiration                     14-Sep-2021 Tuesday PDT 22:01:32
{INFO}  com.aspiration.pages.OurProducts   Aspiration plus clicked                     14-Sep-2021 Tuesday PDT 22:01:33
{INFO}  com.aspiration.pages.HomePage   cookie accepted                     14-Sep-2021 Tuesday PDT 22:07:46
{INFO}  com.aspiration.pages.HomePage   Spend and Save link clicked                     14-Sep-2021 Tuesday PDT 22:07:54
{INFO}  com.aspiration.pages.OurProducts   Text one == Aspiration                     14-Sep-2021 Tuesday PDT 22:07:54
{INFO}  com.aspiration.pages.OurProducts   Text two == Aspiration Plus                     14-Sep-2021 Tuesday PDT 22:07:54
{INFO}  com.aspiration.pages.OurProducts   Text == Aspiration                     14-Sep-2021 Tuesday PDT 22:07:54
{INFO}  com.aspiration.pages.OurProducts   Aspiration plus clicked                     14-Sep-2021 Tuesday PDT 22:07:55
{INFO}  com.aspiration.pages.HomePage   cookie accepted                     14-Sep-2021 Tuesday PDT 22:28:53
{INFO}  com.aspiration.pages.HomePage   Spend and Save link clicked                     14-Sep-2021 Tuesday PDT 22:29:01
{INFO}  com.aspiration.pages.OurProducts   Text one == Aspiration                     14-Sep-2021 Tuesday PDT 22:29:02
{INFO}  com.aspiration.pages.OurProducts   Text two == Aspiration Plus                     14-Sep-2021 Tuesday PDT 22:29:02
{INFO}  com.aspiration.pages.HomePage   cookie accepted                     14-Sep-2021 Tuesday PDT 22:30:53
{INFO}  com.aspiration.pages.HomePage   Spend and Save link clicked                     14-Sep-2021 Tuesday PDT 22:31:01
{INFO}  com.aspiration.pages.OurProducts   Text one == Aspiration                     14-Sep-2021 Tuesday PDT 22:31:01
{INFO}  com.aspiration.pages.OurProducts   Text two == Aspiration Plus                     14-Sep-2021 Tuesday PDT 22:31:01
{INFO}  com.aspiration.pages.OurProducts   Aspiration plus clicked                     14-Sep-2021 Tuesday PDT 22:31:01
{INFO}  com.aspiration.pages.HomePage   cookie accepted                     14-Sep-2021 Tuesday PDT 22:32:58
{INFO}  com.aspiration.pages.HomePage   Spend and Save link clicked                     14-Sep-2021 Tuesday PDT 22:33:05
{INFO}  com.aspiration.pages.OurProducts   Text one == Aspiration                     14-Sep-2021 Tuesday PDT 22:33:05
{INFO}  com.aspiration.pages.OurProducts   Text two == Aspiration Plus                     14-Sep-2021 Tuesday PDT 22:33:05
{INFO}  com.aspiration.pages.HomePage   cookie accepted                     14-Sep-2021 Tuesday PDT 22:36:14
{INFO}  com.aspiration.pages.HomePage   Spend and Save link clicked                     14-Sep-2021 Tuesday PDT 22:36:22
{INFO}  com.aspiration.pages.OurProducts   Text one == Aspiration                     14-Sep-2021 Tuesday PDT 22:36:22
{INFO}  com.aspiration.pages.OurProducts   Text two == Aspiration Plus                     14-Sep-2021 Tuesday PDT 22:36:22
{INFO}  com.aspiration.pages.OurProducts   Aspiration plus clicked                     14-Sep-2021 Tuesday PDT 22:36:23
